16:33:06.783 [main] DEBUG org.testng.TestNG - suiteXmlPath: "C:\Users\shamb\AppData\Local\Temp\testng-eclipse--885088238\testng-customsuite.xml"
 16:33:07.011 [main] INFO  org.testng.internal.Utils - [Utils] MethodGroupsHelper.collectMethodsByGroup() took 0 ms.
 16:33:07.014 [main] INFO  org.testng.internal.Utils - [Utils] MethodGroupsHelper.sortMethods() took 1 ms.
 16:33:07.016 [main] INFO  org.testng.internal.Utils - [Utils] MethodGroupsHelper.collectMethodsByGroup() took 0 ms.
 16:33:07.016 [main] INFO  org.testng.internal.Utils - [Utils] MethodGroupsHelper.sortMethods() took 0 ms.
 16:33:07.017 [main] INFO  org.testng.internal.Utils - [Utils] MethodGroupsHelper.collectMethodsByGroup() took 0 ms.
 16:33:07.026 [main] INFO  org.testng.internal.Utils - [Utils] MethodGroupsHelper.sortMethods() took 0 ms.
 16:33:07.026 [main] INFO  org.testng.internal.Utils - [Utils] MethodGroupsHelper.collectMethodsByGroup() took 0 ms.
 16:33:07.026 [main] INFO  org.testng.internal.Utils - [Utils] MethodGroupsHelper.sortMethods() took 0 ms.
 16:33:07.034 [main] INFO  org.testng.internal.Utils - [Utils] MethodGroupsHelper.collectMethodsByGroup() took 6 ms.
 16:33:07.044 [main] INFO  org.testng.internal.Utils - [Utils] MethodGroupsHelper.sortMethods() took 10 ms.
 16:33:07.046 [main] INFO  org.testng.internal.Utils - [Utils] MethodGroupsHelper.collectMethodsByGroup() took 0 ms.
 16:33:07.047 [main] INFO  org.testng.internal.Utils - [Utils] MethodGroupsHelper.sortMethods() took 0 ms.
 16:33:07.048 [main] INFO  org.testng.internal.Utils - [Utils] MethodGroupsHelper.collectMethodsByGroup() took 0 ms.
 16:33:07.048 [main] INFO  org.testng.internal.Utils - [Utils] MethodGroupsHelper.sortMethods() took 0 ms.
 16:33:07.048 [main] INFO  org.testng.internal.Utils - [Utils] MethodGroupsHelper.collectMethodsByGroup() took 0 ms.
 16:33:07.048 [main] INFO  org.testng.internal.Utils - [Utils] MethodGroupsHelper.sortMethods() took 0 ms.
 16:33:07.050 [main] INFO  org.testng.internal.Utils - [Utils] MethodGroupsHelper.collectMethodsByGroup() took 0 ms.
 16:33:07.050 [main] INFO  org.testng.internal.Utils - [Utils] MethodGroupsHelper.sortMethods() took 0 ms.
 16:33:07.050 [main] INFO  org.testng.internal.Utils - [Utils] MethodGroupsHelper.collectMethodsByGroup() took 0 ms.
 16:33:07.050 [main] INFO  org.testng.internal.Utils - [Utils] MethodGroupsHelper.sortMethods() took 0 ms.
 16:33:07.051 [main] INFO  org.testng.internal.Utils - [Utils] MethodGroupsHelper.collectMethodsByGroup() took 0 ms.
 16:33:07.051 [main] INFO  org.testng.internal.Utils - [Utils] MethodGroupsHelper.sortMethods() took 0 ms.
 16:33:07.051 [main] INFO  org.testng.internal.Utils - [Utils] MethodGroupsHelper.collectMethodsByGroup() took 0 ms.
 16:33:07.051 [main] INFO  org.testng.internal.Utils - [Utils] MethodGroupsHelper.sortMethods() took 0 ms.
 16:33:07.052 [main] INFO  org.testng.internal.Utils - [Utils] MethodGroupsHelper.collectMethodsByGroup() took 0 ms.
 16:33:07.053 [main] INFO  org.testng.internal.Utils - [Utils] MethodGroupsHelper.sortMethods() took 0 ms.
 16:33:07.053 [main] INFO  org.testng.internal.Utils - [Utils] MethodGroupsHelper.collectMethodsByGroup() took 0 ms.
 16:33:07.054 [main] INFO  org.testng.internal.Utils - [Utils] MethodGroupsHelper.sortMethods() took 0 ms.
 16:33:07.054 [main] INFO  org.testng.internal.Utils - [Utils] MethodGroupsHelper.collectMethodsByGroup() took 0 ms.
 16:33:07.054 [main] INFO  org.testng.internal.Utils - [Utils] MethodGroupsHelper.sortMethods() took 0 ms.
 16:33:07.060 [main] INFO  org.testng.internal.Utils - [TestNG] Running:
  C:\Users\shamb\AppData\Local\Temp\testng-eclipse--885088238\testng-customsuite.xml

 16:33:07.083 [main] INFO  org.testng.internal.Utils - [Utils] DynamicGraphHelper.createDynamicGraph() took 5 ms.
 16:33:11.957 [main] INFO  testCases.TC001_AccountRegistrationTest - ***** Starting TC001_AccountRegistrationTest *****
 16:33:12.071 [main] INFO  testCases.TC001_AccountRegistrationTest - Clicked on MyAccount Link...
 16:33:12.674 [main] INFO  testCases.TC001_AccountRegistrationTest - Clicked on Register Link...
 16:33:12.676 [main] INFO  testCases.TC001_AccountRegistrationTest - Providing Customer details...
 16:33:14.169 [main] INFO  testCases.TC001_AccountRegistrationTest - Validating expected message...
 16:33:14.220 [main] ERROR testCases.TC001_AccountRegistrationTest - Test Failed...
 16:33:14.221 [main] DEBUG testCases.TC001_AccountRegistrationTest - Debug logs...
 16:33:14.659 [main] INFO  org.testng.internal.Utils - [TestNG] Time taken by org.testng.reporters.SuiteHTMLReporter@40712ee9: 55 ms
 16:33:14.771 [main] INFO  org.testng.internal.Utils - [TestNG] Time taken by org.testng.reporters.jq.Main@71ad3d8a: 112 ms
 16:33:14.790 [main] INFO  org.testng.internal.Utils - [TestNG] Time taken by org.testng.reporters.FailedReporter@5853495b: 19 ms
 16:33:14.802 [main] INFO  org.testng.internal.Utils - [TestNG] Time taken by org.testng.reporters.XMLReporter@a518813: 12 ms
 16:33:14.809 [main] INFO  org.testng.internal.Utils - [TestNG] Time taken by org.testng.reporters.EmailableReporter2@a18649a: 7 ms
 16:33:14.823 [main] INFO  org.testng.internal.Utils - [TestNG] Time taken by org.testng.reporters.JUnitReportReporter@7158daf2: 14 ms
 16:33:14.824 [main] INFO  org.testng.internal.Utils - [TestNG] Time taken by org.testng.internal.ExitCodeListener@10f19647: 0 ms
 16:37:48.999 [main] DEBUG org.testng.TestNG - suiteXmlPath: "C:\Users\shamb\AppData\Local\Temp\testng-eclipse-188556595\testng-customsuite.xml"
 16:37:49.220 [main] INFO  org.testng.internal.Utils - [Utils] MethodGroupsHelper.collectMethodsByGroup() took 0 ms.
 16:37:49.222 [main] INFO  org.testng.internal.Utils - [Utils] MethodGroupsHelper.sortMethods() took 1 ms.
 16:37:49.224 [main] INFO  org.testng.internal.Utils - [Utils] MethodGroupsHelper.collectMethodsByGroup() took 0 ms.
 16:37:49.224 [main] INFO  org.testng.internal.Utils - [Utils] MethodGroupsHelper.sortMethods() took 0 ms.
 16:37:49.224 [main] INFO  org.testng.internal.Utils - [Utils] MethodGroupsHelper.collectMethodsByGroup() took 0 ms.
 16:37:49.225 [main] INFO  org.testng.internal.Utils - [Utils] MethodGroupsHelper.sortMethods() took 0 ms.
 16:37:49.225 [main] INFO  org.testng.internal.Utils - [Utils] MethodGroupsHelper.collectMethodsByGroup() took 0 ms.
 16:37:49.225 [main] INFO  org.testng.internal.Utils - [Utils] MethodGroupsHelper.sortMethods() took 0 ms.
 16:37:49.230 [main] INFO  org.testng.internal.Utils - [Utils] MethodGroupsHelper.collectMethodsByGroup() took 4 ms.
 16:37:49.239 [main] INFO  org.testng.internal.Utils - [Utils] MethodGroupsHelper.sortMethods() took 9 ms.
 16:37:49.240 [main] INFO  org.testng.internal.Utils - [Utils] MethodGroupsHelper.collectMethodsByGroup() took 0 ms.
 16:37:49.241 [main] INFO  org.testng.internal.Utils - [Utils] MethodGroupsHelper.sortMethods() took 0 ms.
 16:37:49.242 [main] INFO  org.testng.internal.Utils - [Utils] MethodGroupsHelper.collectMethodsByGroup() took 0 ms.
 16:37:49.242 [main] INFO  org.testng.internal.Utils - [Utils] MethodGroupsHelper.sortMethods() took 0 ms.
 16:37:49.242 [main] INFO  org.testng.internal.Utils - [Utils] MethodGroupsHelper.collectMethodsByGroup() took 0 ms.
 16:37:49.242 [main] INFO  org.testng.internal.Utils - [Utils] MethodGroupsHelper.sortMethods() took 0 ms.
 16:37:49.244 [main] INFO  org.testng.internal.Utils - [Utils] MethodGroupsHelper.collectMethodsByGroup() took 0 ms.
 16:37:49.244 [main] INFO  org.testng.internal.Utils - [Utils] MethodGroupsHelper.sortMethods() took 0 ms.
 16:37:49.245 [main] INFO  org.testng.internal.Utils - [Utils] MethodGroupsHelper.collectMethodsByGroup() took 0 ms.
 16:37:49.245 [main] INFO  org.testng.internal.Utils - [Utils] MethodGroupsHelper.sortMethods() took 0 ms.
 16:37:49.245 [main] INFO  org.testng.internal.Utils - [Utils] MethodGroupsHelper.collectMethodsByGroup() took 0 ms.
 16:37:49.245 [main] INFO  org.testng.internal.Utils - [Utils] MethodGroupsHelper.sortMethods() took 0 ms.
 16:37:49.245 [main] INFO  org.testng.internal.Utils - [Utils] MethodGroupsHelper.collectMethodsByGroup() took 0 ms.
 16:37:49.246 [main] INFO  org.testng.internal.Utils - [Utils] MethodGroupsHelper.sortMethods() took 0 ms.
 16:37:49.247 [main] INFO  org.testng.internal.Utils - [Utils] MethodGroupsHelper.collectMethodsByGroup() took 0 ms.
 16:37:49.247 [main] INFO  org.testng.internal.Utils - [Utils] MethodGroupsHelper.sortMethods() took 0 ms.
 16:37:49.248 [main] INFO  org.testng.internal.Utils - [Utils] MethodGroupsHelper.collectMethodsByGroup() took 0 ms.
 16:37:49.248 [main] INFO  org.testng.internal.Utils - [Utils] MethodGroupsHelper.sortMethods() took 0 ms.
 16:37:49.248 [main] INFO  org.testng.internal.Utils - [Utils] MethodGroupsHelper.collectMethodsByGroup() took 0 ms.
 16:37:49.248 [main] INFO  org.testng.internal.Utils - [Utils] MethodGroupsHelper.sortMethods() took 0 ms.
 16:37:49.255 [main] INFO  org.testng.internal.Utils - [TestNG] Running:
  C:\Users\shamb\AppData\Local\Temp\testng-eclipse-188556595\testng-customsuite.xml

 16:37:49.280 [main] INFO  org.testng.internal.Utils - [Utils] DynamicGraphHelper.createDynamicGraph() took 5 ms.
 16:37:54.279 [main] INFO  testCases.TC001_AccountRegistrationTest - ***** Starting TC001_AccountRegistrationTest *****
 16:37:54.409 [main] INFO  testCases.TC001_AccountRegistrationTest - Clicked on MyAccount Link...
 16:37:54.975 [main] INFO  testCases.TC001_AccountRegistrationTest - Clicked on Register Link...
 16:37:54.978 [main] INFO  testCases.TC001_AccountRegistrationTest - Providing Customer details...
 16:37:56.473 [main] INFO  testCases.TC001_AccountRegistrationTest - Validating expected message...
 16:37:56.533 [main] INFO  testCases.TC001_AccountRegistrationTest - ***** Finished TC001_AccountRegistrationTest *****
 16:37:56.866 [main] INFO  org.testng.internal.Utils - [TestNG] Time taken by org.testng.reporters.SuiteHTMLReporter@77d680e6: 34 ms
 16:37:56.944 [main] INFO  org.testng.internal.Utils - [TestNG] Time taken by org.testng.reporters.jq.Main@670d4d38: 77 ms
 16:37:56.945 [main] INFO  org.testng.internal.Utils - [TestNG] Time taken by org.testng.reporters.FailedReporter@131ff6fa: 0 ms
 16:37:56.955 [main] INFO  org.testng.internal.Utils - [TestNG] Time taken by org.testng.reporters.XMLReporter@5d5160e6: 10 ms
 16:37:56.962 [main] INFO  org.testng.internal.Utils - [TestNG] Time taken by org.testng.reporters.EmailableReporter2@3724b43e: 6 ms
 16:37:56.972 [main] INFO  org.testng.internal.Utils - [TestNG] Time taken by org.testng.reporters.JUnitReportReporter@7487b142: 10 ms
 16:37:56.973 [main] INFO  org.testng.internal.Utils - [TestNG] Time taken by org.testng.internal.ExitCodeListener@7139bd31: 0 ms
 19:19:16.532 [main] DEBUG org.testng.TestNG - suiteXmlPath: "C:\Users\shamb\eclipse-workspace\opencart_122\master.xml"
 19:19:16.850 [main] INFO  org.testng.internal.Utils - [TestNG] Running:
  C:\Users\shamb\eclipse-workspace\opencart_122\master.xml

 19:19:22.242 [main] INFO  testCases.TC001_AccountRegistrationTest - ***** Starting TC001_AccountRegistrationTest *****
 19:19:22.414 [main] INFO  testCases.TC001_AccountRegistrationTest - Clicked on MyAccount Link...
 19:19:23.126 [main] INFO  testCases.TC001_AccountRegistrationTest - Clicked on Register Link...
 19:19:23.129 [main] INFO  testCases.TC001_AccountRegistrationTest - Providing Customer details...
 19:19:24.683 [main] INFO  testCases.TC001_AccountRegistrationTest - Validating expected message...
 19:19:24.731 [main] INFO  testCases.TC001_AccountRegistrationTest - ***** Finished TC001_AccountRegistrationTest *****
 19:20:01.280 [main] DEBUG org.testng.TestNG - suiteXmlPath: "C:\Users\shamb\eclipse-workspace\opencart_122\master.xml"
 19:20:01.543 [main] INFO  org.testng.internal.Utils - [TestNG] Running:
  C:\Users\shamb\eclipse-workspace\opencart_122\master.xml

 19:20:07.449 [main] INFO  testCases.TC001_AccountRegistrationTest - ***** Starting TC001_AccountRegistrationTest *****
 19:20:07.618 [main] INFO  testCases.TC001_AccountRegistrationTest - Clicked on MyAccount Link...
 19:20:08.298 [main] INFO  testCases.TC001_AccountRegistrationTest - Clicked on Register Link...
 19:20:08.300 [main] INFO  testCases.TC001_AccountRegistrationTest - Providing Customer details...
 19:20:09.924 [main] INFO  testCases.TC001_AccountRegistrationTest - Validating expected message...
 19:20:09.978 [main] INFO  testCases.TC001_AccountRegistrationTest - ***** Finished TC001_AccountRegistrationTest *****
 19:20:28.307 [main] DEBUG org.testng.TestNG - suiteXmlPath: "C:\Users\shamb\eclipse-workspace\opencart_122\master.xml"
 19:20:28.577 [main] INFO  org.testng.internal.Utils - [TestNG] Running:
  C:\Users\shamb\eclipse-workspace\opencart_122\master.xml

 19:20:34.731 [main] INFO  testCases.TC001_AccountRegistrationTest - ***** Starting TC001_AccountRegistrationTest *****
 19:20:35.016 [main] INFO  testCases.TC001_AccountRegistrationTest - Clicked on MyAccount Link...
 19:20:35.771 [main] INFO  testCases.TC001_AccountRegistrationTest - Clicked on Register Link...
 19:20:35.774 [main] INFO  testCases.TC001_AccountRegistrationTest - Providing Customer details...
 19:20:37.067 [main] INFO  testCases.TC001_AccountRegistrationTest - Validating expected message...
 19:20:37.100 [main] INFO  testCases.TC001_AccountRegistrationTest - ***** Finished TC001_AccountRegistrationTest *****
 19:27:15.596 [main] DEBUG org.testng.TestNG - suiteXmlPath: "C:\Users\shamb\eclipse-workspace\opencart_122\master.xml"
 19:27:15.872 [main] INFO  org.testng.internal.Utils - [TestNG] Running:
  C:\Users\shamb\eclipse-workspace\opencart_122\master.xml

 19:27:21.254 [main] INFO  testCases.TC001_AccountRegistrationTest - ***** Starting TC001_AccountRegistrationTest *****
 19:27:21.547 [main] INFO  testCases.TC001_AccountRegistrationTest - Clicked on MyAccount Link...
 19:27:22.182 [main] INFO  testCases.TC001_AccountRegistrationTest - Clicked on Register Link...
 19:27:22.186 [main] INFO  testCases.TC001_AccountRegistrationTest - Providing Customer details...
 19:27:23.501 [main] INFO  testCases.TC001_AccountRegistrationTest - Validating expected message...
 19:27:23.534 [main] INFO  testCases.TC001_AccountRegistrationTest - ***** Finished TC001_AccountRegistrationTest *****
 19:30:20.835 [main] DEBUG org.testng.TestNG - suiteXmlPath: "C:\Users\shamb\eclipse-workspace\opencart_122\crossbrowsertesting.xml"
 19:30:43.313 [main] DEBUG org.testng.TestNG - suiteXmlPath: "C:\Users\shamb\eclipse-workspace\opencart_122\crossbrowsertesting.xml"
 19:31:52.584 [main] DEBUG org.testng.TestNG - suiteXmlPath: "C:\Users\shamb\eclipse-workspace\opencart_122\crossbrowsertesting.xml"
 19:31:52.861 [main] INFO  org.testng.internal.Utils - [TestNG] Running:
  C:\Users\shamb\eclipse-workspace\opencart_122\crossbrowsertesting.xml

 19:31:58.328 [main] INFO  testCases.TC001_AccountRegistrationTest - ***** Starting TC001_AccountRegistrationTest *****
 19:31:58.645 [main] INFO  testCases.TC001_AccountRegistrationTest - Clicked on MyAccount Link...
 19:31:59.341 [main] INFO  testCases.TC001_AccountRegistrationTest - Clicked on Register Link...
 19:31:59.359 [main] INFO  testCases.TC001_AccountRegistrationTest - Providing Customer details...
 19:32:00.672 [main] INFO  testCases.TC001_AccountRegistrationTest - Validating expected message...
 19:32:00.711 [main] INFO  testCases.TC001_AccountRegistrationTest - ***** Finished TC001_AccountRegistrationTest *****
 19:32:06.441 [main] INFO  testCases.TC001_AccountRegistrationTest - ***** Starting TC001_AccountRegistrationTest *****
 19:32:06.576 [main] INFO  testCases.TC001_AccountRegistrationTest - Clicked on MyAccount Link...
 19:32:07.163 [main] INFO  testCases.TC001_AccountRegistrationTest - Clicked on Register Link...
 19:32:07.164 [main] INFO  testCases.TC001_AccountRegistrationTest - Providing Customer details...
 19:32:08.622 [main] INFO  testCases.TC001_AccountRegistrationTest - Validating expected message...
 19:32:08.661 [main] INFO  testCases.TC001_AccountRegistrationTest - ***** Finished TC001_AccountRegistrationTest *****
 19:32:13.214 [main] INFO  testCases.TC001_AccountRegistrationTest - ***** Starting TC001_AccountRegistrationTest *****
 19:32:13.329 [main] INFO  testCases.TC001_AccountRegistrationTest - Clicked on MyAccount Link...
 19:32:13.920 [main] INFO  testCases.TC001_AccountRegistrationTest - Clicked on Register Link...
 19:32:13.921 [main] INFO  testCases.TC001_AccountRegistrationTest - Providing Customer details...
 19:32:15.472 [main] INFO  testCases.TC001_AccountRegistrationTest - Validating expected message...
 19:32:15.522 [main] INFO  testCases.TC001_AccountRegistrationTest - ***** Finished TC001_AccountRegistrationTest *****
 19:32:57.010 [main] DEBUG org.testng.TestNG - suiteXmlPath: "C:\Users\shamb\eclipse-workspace\opencart_122\crossbrowsertesting.xml"
 19:32:57.292 [main] INFO  org.testng.internal.Utils - [TestNG] Running:
  C:\Users\shamb\eclipse-workspace\opencart_122\crossbrowsertesting.xml

 19:33:04.420 [TestNG-tests-2] INFO  testCases.TC001_AccountRegistrationTest - ***** Starting TC001_AccountRegistrationTest *****
 19:33:04.421 [TestNG-tests-1] INFO  testCases.TC001_AccountRegistrationTest - ***** Starting TC001_AccountRegistrationTest *****
 19:33:04.419 [TestNG-tests-3] INFO  testCases.TC001_AccountRegistrationTest - ***** Starting TC001_AccountRegistrationTest *****
 19:33:04.730 [TestNG-tests-2] INFO  testCases.TC001_AccountRegistrationTest - Clicked on MyAccount Link...
 19:33:04.956 [TestNG-tests-3] INFO  testCases.TC001_AccountRegistrationTest - Clicked on MyAccount Link...
 19:33:05.180 [TestNG-tests-1] INFO  testCases.TC001_AccountRegistrationTest - Clicked on MyAccount Link...
 19:33:05.847 [TestNG-tests-3] INFO  testCases.TC001_AccountRegistrationTest - Clicked on Register Link...
 19:33:05.853 [TestNG-tests-3] INFO  testCases.TC001_AccountRegistrationTest - Providing Customer details...
 19:34:15.494 [main] DEBUG org.testng.TestNG - suiteXmlPath: "C:\Users\shamb\eclipse-workspace\opencart_122\crossbrowsertesting.xml"
 19:34:15.767 [main] INFO  org.testng.internal.Utils - [TestNG] Running:
  C:\Users\shamb\eclipse-workspace\opencart_122\crossbrowsertesting.xml

 19:34:23.073 [TestNG-tests-3] INFO  testCases.TC001_AccountRegistrationTest - ***** Starting TC001_AccountRegistrationTest *****
 19:34:23.073 [TestNG-tests-1] INFO  testCases.TC001_AccountRegistrationTest - ***** Starting TC001_AccountRegistrationTest *****
 19:34:23.075 [TestNG-tests-2] INFO  testCases.TC001_AccountRegistrationTest - ***** Starting TC001_AccountRegistrationTest *****
 19:34:23.409 [TestNG-tests-2] INFO  testCases.TC001_AccountRegistrationTest - Clicked on MyAccount Link...
 19:34:23.622 [TestNG-tests-1] INFO  testCases.TC001_AccountRegistrationTest - Clicked on MyAccount Link...
 19:34:23.835 [TestNG-tests-3] INFO  testCases.TC001_AccountRegistrationTest - Clicked on MyAccount Link...
 19:34:24.575 [TestNG-tests-1] INFO  testCases.TC001_AccountRegistrationTest - Clicked on Register Link...
 19:34:24.581 [TestNG-tests-1] INFO  testCases.TC001_AccountRegistrationTest - Providing Customer details...
 19:37:00.359 [main] DEBUG org.testng.TestNG - suiteXmlPath: "C:\Users\shamb\eclipse-workspace\opencart_122\crossbrowsertesting.xml"
 19:37:00.684 [main] INFO  org.testng.internal.Utils - [TestNG] Running:
  C:\Users\shamb\eclipse-workspace\opencart_122\crossbrowsertesting.xml

 19:37:08.830 [TestNG-tests-2] INFO  testCases.TC001_AccountRegistrationTest - ***** Starting TC001_AccountRegistrationTest *****
 19:37:08.830 [TestNG-tests-3] INFO  testCases.TC001_AccountRegistrationTest - ***** Starting TC001_AccountRegistrationTest *****
 19:37:10.279 [TestNG-tests-1] INFO  testCases.TC001_AccountRegistrationTest - ***** Starting TC001_AccountRegistrationTest *****
 19:37:10.524 [TestNG-tests-2] INFO  testCases.TC001_AccountRegistrationTest - Clicked on MyAccount Link...
 19:37:10.742 [TestNG-tests-3] INFO  testCases.TC001_AccountRegistrationTest - Clicked on MyAccount Link...
 19:37:10.977 [TestNG-tests-1] INFO  testCases.TC001_AccountRegistrationTest - Clicked on MyAccount Link...
 19:37:11.668 [TestNG-tests-2] INFO  testCases.TC001_AccountRegistrationTest - Clicked on Register Link...
 19:37:11.677 [TestNG-tests-2] INFO  testCases.TC001_AccountRegistrationTest - Providing Customer details...
 19:39:55.210 [main] DEBUG org.testng.TestNG - suiteXmlPath: "C:\Users\shamb\eclipse-workspace\opencart_122\crossbrowsertesting.xml"
 19:39:55.496 [main] INFO  org.testng.internal.Utils - [TestNG] Running:
  C:\Users\shamb\eclipse-workspace\opencart_122\crossbrowsertesting.xml

 19:40:03.441 [TestNG-tests-2] INFO  testCases.TC001_AccountRegistrationTest - ***** Starting TC001_AccountRegistrationTest *****
 19:40:03.445 [TestNG-tests-1] INFO  testCases.TC001_AccountRegistrationTest - ***** Starting TC001_AccountRegistrationTest *****
 19:40:03.485 [TestNG-tests-3] INFO  testCases.TC001_AccountRegistrationTest - ***** Starting TC001_AccountRegistrationTest *****
 19:40:03.870 [TestNG-tests-2] INFO  testCases.TC001_AccountRegistrationTest - Clicked on MyAccount Link...
 19:40:04.089 [TestNG-tests-3] INFO  testCases.TC001_AccountRegistrationTest - Clicked on MyAccount Link...
 19:40:04.303 [TestNG-tests-1] INFO  testCases.TC001_AccountRegistrationTest - Clicked on MyAccount Link...
 19:40:05.166 [TestNG-tests-3] INFO  testCases.TC001_AccountRegistrationTest - Clicked on Register Link...
 19:40:05.171 [TestNG-tests-3] INFO  testCases.TC001_AccountRegistrationTest - Providing Customer details...
 19:40:45.791 [main] DEBUG org.testng.TestNG - suiteXmlPath: "C:\Users\shamb\eclipse-workspace\opencart_122\master.xml"
 19:40:46.084 [main] INFO  org.testng.internal.Utils - [TestNG] Running:
  C:\Users\shamb\eclipse-workspace\opencart_122\master.xml

 19:40:52.076 [main] INFO  testCases.TC001_AccountRegistrationTest - ***** Starting TC001_AccountRegistrationTest *****
 19:40:52.354 [main] INFO  testCases.TC001_AccountRegistrationTest - Clicked on MyAccount Link...
 19:40:53.053 [main] INFO  testCases.TC001_AccountRegistrationTest - Clicked on Register Link...
 19:40:53.055 [main] INFO  testCases.TC001_AccountRegistrationTest - Providing Customer details...
 19:40:54.316 [main] INFO  testCases.TC001_AccountRegistrationTest - Validating expected message...
 19:40:54.348 [main] INFO  testCases.TC001_AccountRegistrationTest - ***** Finished TC001_AccountRegistrationTest *****
 19:41:12.052 [main] DEBUG org.testng.TestNG - suiteXmlPath: "C:\Users\shamb\eclipse-workspace\opencart_122\master.xml"
 19:41:12.329 [main] INFO  org.testng.internal.Utils - [TestNG] Running:
  C:\Users\shamb\eclipse-workspace\opencart_122\master.xml

 19:41:17.103 [main] INFO  testCases.TC001_AccountRegistrationTest - ***** Starting TC001_AccountRegistrationTest *****
 19:41:17.243 [main] INFO  testCases.TC001_AccountRegistrationTest - Clicked on MyAccount Link...
 19:41:17.907 [main] INFO  testCases.TC001_AccountRegistrationTest - Clicked on Register Link...
 19:41:17.911 [main] INFO  testCases.TC001_AccountRegistrationTest - Providing Customer details...
 19:41:19.451 [main] INFO  testCases.TC001_AccountRegistrationTest - Validating expected message...
 19:41:19.497 [main] INFO  testCases.TC001_AccountRegistrationTest - ***** Finished TC001_AccountRegistrationTest *****
 19:41:33.640 [main] DEBUG org.testng.TestNG - suiteXmlPath: "C:\Users\shamb\eclipse-workspace\opencart_122\master.xml"
 19:41:33.924 [main] INFO  org.testng.internal.Utils - [TestNG] Running:
  C:\Users\shamb\eclipse-workspace\opencart_122\master.xml

 19:41:40.482 [main] INFO  testCases.TC001_AccountRegistrationTest - ***** Starting TC001_AccountRegistrationTest *****
 19:41:40.641 [main] INFO  testCases.TC001_AccountRegistrationTest - Clicked on MyAccount Link...
 19:41:41.240 [main] INFO  testCases.TC001_AccountRegistrationTest - Clicked on Register Link...
 19:41:41.243 [main] INFO  testCases.TC001_AccountRegistrationTest - Providing Customer details...
 19:41:42.734 [main] INFO  testCases.TC001_AccountRegistrationTest - Validating expected message...
 19:41:42.775 [main] INFO  testCases.TC001_AccountRegistrationTest - ***** Finished TC001_AccountRegistrationTest *****
 19:42:13.933 [main] DEBUG org.testng.TestNG - suiteXmlPath: "C:\Users\shamb\eclipse-workspace\opencart_122\crossbrowsertesting.xml"
 19:42:14.204 [main] INFO  org.testng.internal.Utils - [TestNG] Running:
  C:\Users\shamb\eclipse-workspace\opencart_122\crossbrowsertesting.xml

 19:42:19.866 [main] INFO  testCases.TC001_AccountRegistrationTest - ***** Starting TC001_AccountRegistrationTest *****
 19:42:20.151 [main] INFO  testCases.TC001_AccountRegistrationTest - Clicked on MyAccount Link...
 19:42:20.797 [main] INFO  testCases.TC001_AccountRegistrationTest - Clicked on Register Link...
 19:42:20.801 [main] INFO  testCases.TC001_AccountRegistrationTest - Providing Customer details...
 19:42:22.198 [main] INFO  testCases.TC001_AccountRegistrationTest - Validating expected message...
 19:42:22.222 [main] INFO  testCases.TC001_AccountRegistrationTest - ***** Finished TC001_AccountRegistrationTest *****
 19:42:26.875 [main] INFO  testCases.TC001_AccountRegistrationTest - ***** Starting TC001_AccountRegistrationTest *****
 19:42:27.071 [main] INFO  testCases.TC001_AccountRegistrationTest - Clicked on MyAccount Link...
 19:42:27.736 [main] INFO  testCases.TC001_AccountRegistrationTest - Clicked on Register Link...
 19:42:27.736 [main] INFO  testCases.TC001_AccountRegistrationTest - Providing Customer details...
 19:42:29.418 [main] INFO  testCases.TC001_AccountRegistrationTest - Validating expected message...
 19:42:29.462 [main] INFO  testCases.TC001_AccountRegistrationTest - ***** Finished TC001_AccountRegistrationTest *****
 19:42:35.436 [main] INFO  testCases.TC001_AccountRegistrationTest - ***** Starting TC001_AccountRegistrationTest *****
 19:42:35.543 [main] INFO  testCases.TC001_AccountRegistrationTest - Clicked on MyAccount Link...
 19:42:36.221 [main] INFO  testCases.TC001_AccountRegistrationTest - Clicked on Register Link...
 19:42:36.222 [main] INFO  testCases.TC001_AccountRegistrationTest - Providing Customer details...
 19:42:37.792 [main] INFO  testCases.TC001_AccountRegistrationTest - Validating expected message...
 19:42:37.833 [main] INFO  testCases.TC001_AccountRegistrationTest - ***** Finished TC001_AccountRegistrationTest *****
 